<?xml version="1.0" encoding="UTF-8"?>
<!-- Generated by org.testng.reporters.JUnitReportReporter -->
<testsuite skipped="0" hostname="AUL-DEV-03" name="testsuites.login2_test" tests="3" failures="0" timestamp="2021-12-30T02:01:42 PST" time="12.764" errors="0">
  <testcase name="welcomePage" time="10.085" classname="testsuites.login2_test"/>
  <system-out/>
  <testcase name="loggedIn" time="2.271" classname="testsuites.login2_test"/>
  <system-out/>
  <testcase name="logout1" time="0.408" classname="testsuites.login2_test"/>
  <system-out/>
</testsuite> <!-- testsuites.login2_test -->
