<?xml version="1.0" encoding="UTF-8"?>
<!-- Generated by org.testng.reporters.JUnitReportReporter -->
<testsuite skipped="0" hostname="AUL-DEV-03" name="testsuites.dashboard_test" tests="1" failures="0" timestamp="2022-01-04T08:08:49 PST" time="0.344" errors="0">
  <testcase name="dashboard" time="0.344" classname="testsuites.dashboard_test"/>
  <system-out/>
</testsuite> <!-- testsuites.dashboard_test -->
