<?xml version="1.0" encoding="UTF-8"?>
<!-- Generated by org.testng.reporters.JUnitReportReporter -->
<testsuite skipped="0" hostname="AUL-DEV-03" name="testsuites.login_test" tests="3" failures="0" timestamp="2022-01-04T08:08:49 PST" time="12.005" errors="0">
  <testcase name="welcomePage" time="7.801" classname="testsuites.login_test"/>
  <system-out/>
  <testcase name="loggedIn" time="3.756" classname="testsuites.login_test"/>
  <system-out/>
  <testcase name="logout1" time="0.448" classname="testsuites.login_test"/>
  <system-out/>
</testsuite> <!-- testsuites.login_test -->
