<?xml version="1.0" encoding="UTF-8"?>
<!-- Generated by org.testng.reporters.JUnitReportReporter -->
<testsuite skipped="0" hostname="AUL-DEV-03" name="testsuites.quote_test" tests="1" failures="0" timestamp="2022-01-04T08:08:49 PST" time="13.269" errors="0">
  <testcase name="createQuote1" time="13.269" classname="testsuites.quote_test"/>
  <system-out/>
</testsuite> <!-- testsuites.quote_test -->
